<?xml version="1.0" encoding="UTF-8"?>
<testsuites name="jest tests" tests="2" failures="0" errors="0" time="1.217">
  <testsuite name="sum" errors="0" failures="0" skipped="0" timestamp="2020-12-11T05:43:22" time="0.588" tests="2">
    <testcase classname="sum 1+1" name="sum 1+1" time="0.002">
    </testcase>
    <testcase classname="sum 2+1" name="sum 2+1" time="0">
    </testcase>
  </testsuite>
</testsuites>